<?xml version="1.0" encoding="UTF-8"?>
<testng-results ignored="0" total="1" passed="1" failed="0" skipped="0">
  <reporter-output>
  </reporter-output>
  <suite started-at="2022-02-22T23:20:44 IST" name="Suite" finished-at="2022-02-22T23:21:13 IST" duration-ms="28667">
    <groups>
      <group name="cucumber">
        <method signature="AbstractTestNGCucumberTests.runScenario(io.cucumber.testng.PickleWrapper,io.cucumber.testng.FeatureWrapper)[pri:0, instance:testRunner.TestingTestRun@70e9c95d]" name="runScenario" class="io.cucumber.testng.AbstractTestNGCucumberTests"/>
      </group> <!-- cucumber -->
    </groups>
    <test started-at="2022-02-22T23:20:44 IST" name="Test" finished-at="2022-02-22T23:21:13 IST" duration-ms="28667">
      <class name="testRunner.TestingTestRun">
        <test-method is-config="true" signature="setUpClass(org.testng.ITestContext)[pri:0, instance:testRunner.TestingTestRun@70e9c95d]" started-at="2022-02-22T23:20:44 IST" name="setUpClass" finished-at="2022-02-22T23:20:44 IST" duration-ms="310" status="PASS">
          <params>
            <param index="0">
              <value>
                <![CDATA[org.testng.TestRunner@24e83d19]]>
              </value>
            </param>
          </params>
          <reporter-output>
          </reporter-output>
        </test-method> <!-- setUpClass -->
        <test-method signature="runScenario(io.cucumber.testng.PickleWrapper,io.cucumber.testng.FeatureWrapper)[pri:0, instance:testRunner.TestingTestRun@70e9c95d]" started-at="2022-02-22T23:20:44 IST" name="runScenario" description="Runs Cucumber Scenarios" data-provider="scenarios" finished-at="2022-02-22T23:21:13 IST" duration-ms="28299" status="PASS">
          <params>
            <param index="0">
              <value>
                <![CDATA["Log in to Verizon site"]]>
              </value>
            </param>
            <param index="1">
              <value>
                <![CDATA["Optional[Login]"]]>
              </value>
            </param>
          </params>
          <reporter-output>
          </reporter-output>
        </test-method> <!-- runScenario -->
        <test-method is-config="true" signature="tearDownClass()[pri:0, instance:testRunner.TestingTestRun@70e9c95d]" started-at="2022-02-22T23:21:13 IST" name="tearDownClass" finished-at="2022-02-22T23:21:13 IST" duration-ms="12" status="PASS">
          <reporter-output>
          </reporter-output>
        </test-method> <!-- tearDownClass -->
      </class> <!-- testRunner.TestingTestRun -->
    </test> <!-- Test -->
  </suite> <!-- Suite -->
</testng-results>
